<?xml version="1.0" encoding="UTF-8"?>
<!-- Generated by org.testng.reporters.JUnitXMLReporter -->
<testsuite ignored="0" hostname="DESKTOP-3HIQELK" failures="0" tests="5" name="Test" time="46.865" errors="0" timestamp="2024-12-28T10:14:04 IST">
  <testcase classname="test.DemoTest1" name="test1" time="0.045"/>
  <testcase classname="test.DemoTest1" name="test2" time="1.279"/>
  <testcase classname="test.DemoTest2" name="titleVerify" time="2.867"/>
  <testcase classname="test.DemoTest2" name="clickForm" time="1.178"/>
  <testcase classname="test.DemoTest2" name="clickPracticeForm" time="0.986"/>
</testsuite> <!-- Test -->
