<?xml version="1.0" encoding="UTF-8"?>
<testng-results ignored="0" total="5" passed="5" failed="0" skipped="0">
  <reporter-output>
  </reporter-output>
  <suite started-at="2024-12-28T10:13:17 IST" name="Suite" finished-at="2024-12-28T10:14:04 IST" duration-ms="46865">
    <groups>
    </groups>
    <test started-at="2024-12-28T10:13:17 IST" name="Test" finished-at="2024-12-28T10:14:04 IST" duration-ms="46865">
      <class name="test.DemoTest1">
        <test-method is-config="true" signature="beforeTest()[pri:0, instance:test.DemoTest1@6e0f5f7f]" started-at="2024-12-28T10:13:17 IST" name="beforeTest" finished-at="2024-12-28T10:13:31 IST" duration-ms="14014" status="PASS">
          <reporter-output>
          </reporter-output>
        </test-method> <!-- beforeTest -->
        <test-method signature="test1()[pri:1, instance:test.DemoTest1@6e0f5f7f]" started-at="2024-12-28T10:13:50 IST" name="test1" finished-at="2024-12-28T10:13:50 IST" duration-ms="45" status="PASS">
          <reporter-output>
          </reporter-output>
        </test-method> <!-- test1 -->
        <test-method signature="test2()[pri:2, instance:test.DemoTest1@6e0f5f7f]" started-at="2024-12-28T10:13:50 IST" name="test2" finished-at="2024-12-28T10:13:51 IST" duration-ms="1279" status="PASS">
          <reporter-output>
          </reporter-output>
        </test-method> <!-- test2 -->
        <test-method is-config="true" signature="afterTest()[pri:0, instance:test.DemoTest1@6e0f5f7f]" started-at="2024-12-28T10:13:56 IST" name="afterTest" finished-at="2024-12-28T10:14:03 IST" duration-ms="6949" status="PASS">
          <reporter-output>
          </reporter-output>
        </test-method> <!-- afterTest -->
      </class> <!-- test.DemoTest1 -->
      <class name="test.DemoTest2">
        <test-method is-config="true" signature="beforeTest()[pri:0, instance:test.DemoTest2@4803b726]" started-at="2024-12-28T10:13:31 IST" name="beforeTest" finished-at="2024-12-28T10:13:50 IST" duration-ms="18496" status="PASS">
          <reporter-output>
          </reporter-output>
        </test-method> <!-- beforeTest -->
        <test-method signature="titleVerify()[pri:1, instance:test.DemoTest2@4803b726]" started-at="2024-12-28T10:13:51 IST" name="titleVerify" finished-at="2024-12-28T10:13:54 IST" duration-ms="2867" status="PASS">
          <reporter-output>
          </reporter-output>
        </test-method> <!-- titleVerify -->
        <test-method signature="clickForm()[pri:2, instance:test.DemoTest2@4803b726]" started-at="2024-12-28T10:13:54 IST" name="clickForm" finished-at="2024-12-28T10:13:55 IST" duration-ms="1178" status="PASS">
          <reporter-output>
          </reporter-output>
        </test-method> <!-- clickForm -->
        <test-method signature="clickPracticeForm()[pri:3, instance:test.DemoTest2@4803b726]" started-at="2024-12-28T10:13:55 IST" name="clickPracticeForm" finished-at="2024-12-28T10:13:56 IST" duration-ms="986" status="PASS">
          <reporter-output>
          </reporter-output>
        </test-method> <!-- clickPracticeForm -->
        <test-method is-config="true" signature="afterTest()[pri:0, instance:test.DemoTest2@4803b726]" started-at="2024-12-28T10:14:03 IST" name="afterTest" finished-at="2024-12-28T10:14:04 IST" duration-ms="889" status="PASS">
          <reporter-output>
          </reporter-output>
        </test-method> <!-- afterTest -->
      </class> <!-- test.DemoTest2 -->
    </test> <!-- Test -->
  </suite> <!-- Suite -->
</testng-results>
