<?xml version="1.0" encoding="UTF-8"?>
<testng-results ignored="0" total="3" passed="3" failed="0" skipped="0">
  <reporter-output>
  </reporter-output>
  <suite started-at="2024-12-15T12:09:39 IST" name="Default suite" finished-at="2024-12-15T12:09:50 IST" duration-ms="11153">
    <groups>
    </groups>
    <test started-at="2024-12-15T12:09:39 IST" name="Default test" finished-at="2024-12-15T12:09:50 IST" duration-ms="11153">
      <class name="test.DemoTest2">
        <test-method is-config="true" signature="beforeTest()[pri:0, instance:test.DemoTest2@2a54a73f]" started-at="2024-12-15T12:09:39 IST" name="beforeTest" finished-at="2024-12-15T12:09:48 IST" duration-ms="8921" status="PASS">
          <reporter-output>
          </reporter-output>
        </test-method> <!-- beforeTest -->
        <test-method signature="titleVerify()[pri:1, instance:test.DemoTest2@2a54a73f]" started-at="2024-12-15T12:09:48 IST" name="titleVerify" finished-at="2024-12-15T12:09:48 IST" duration-ms="26" status="PASS">
          <reporter-output>
          </reporter-output>
        </test-method> <!-- titleVerify -->
        <test-method signature="clickForm()[pri:2, instance:test.DemoTest2@2a54a73f]" started-at="2024-12-15T12:09:48 IST" name="clickForm" finished-at="2024-12-15T12:09:49 IST" duration-ms="1407" status="PASS">
          <reporter-output>
          </reporter-output>
        </test-method> <!-- clickForm -->
        <test-method signature="clickPracticeForm()[pri:3, instance:test.DemoTest2@2a54a73f]" started-at="2024-12-15T12:09:49 IST" name="clickPracticeForm" finished-at="2024-12-15T12:09:50 IST" duration-ms="381" status="PASS">
          <reporter-output>
          </reporter-output>
        </test-method> <!-- clickPracticeForm -->
        <test-method is-config="true" signature="afterTest()[pri:0, instance:test.DemoTest2@2a54a73f]" started-at="2024-12-15T12:09:50 IST" name="afterTest" finished-at="2024-12-15T12:09:50 IST" duration-ms="350" status="PASS">
          <reporter-output>
          </reporter-output>
        </test-method> <!-- afterTest -->
      </class> <!-- test.DemoTest2 -->
    </test> <!-- Default test -->
  </suite> <!-- Default suite -->
</testng-results>
