<?xml version="1.0" encoding="UTF-8"?>
<!-- Generated by org.testng.reporters.JUnitXMLReporter -->
<testsuite ignored="0" hostname="DESKTOP-SC52NBO" failures="0" tests="3" name="Default test" time="11.153" errors="0" timestamp="2024-12-15T12:09:50 IST">
  <testcase classname="test.DemoTest2" name="titleVerify" time="0.026"/>
  <testcase classname="test.DemoTest2" name="clickForm" time="1.407"/>
  <testcase classname="test.DemoTest2" name="clickPracticeForm" time="0.381"/>
</testsuite> <!-- Default test -->
