<?xml version="1.0" encoding="UTF-8"?>
<!-- Generated by org.testng.reporters.JUnitXMLReporter -->
<testsuite ignored="0" hostname="DESKTOP-3HIQELK" failures="0" tests="3" name="Default test" time="8.663" errors="0" timestamp="2024-12-16T07:33:51 IST">
  <testcase classname="test.DemoTest2" name="titleVerify" time="0.049"/>
  <testcase classname="test.DemoTest2" name="clickForm" time="0.823"/>
  <testcase classname="test.DemoTest2" name="clickPracticeForm" time="0.418"/>
</testsuite> <!-- Default test -->
